<?xml version="1.0" encoding="UTF-8"?>
<testsuite xmlns:xsi="http://www.w3.org/2001/XMLSchema-instance" xsi:noNamespaceSchemaLocation="https://maven.apache.org/surefire/maven-surefire-plugin/xsd/surefire-test-report.xsd" name="TestSuite" time="327.351" tests="3" errors="0" skipped="0" failures="2">
  <properties>
[...]
</properties>
  <testcase name="keywordEngine" classname="com.hilabsdartui.testcases.DARTUI_ActionsKeywords" time="136.578"/>
  <testcase name="keywordEngine" classname="com.hilabsdartui.testcases.DARTUI_ActionsKeywords" time="62.825">
    <failure message="org.openqa.selenium.TimeoutException: Expected condition failed: waiting for visibility of Proxy element for: DefaultElementLocator &apos;By.xpath: //*[name()=&apos;svg&apos;][@data-testid=&apos;PersonIcon&apos;]&apos; (tried for 30 second(s) with 500 milliseconds interval)" type="java.lang.RuntimeException">java.lang.RuntimeException: org.openqa.selenium.TimeoutException: Expected condition failed: waiting for visibility of Proxy element for: DefaultElementLocator 'By.xpath: //*[name()='svg'][@data-testid='PersonIcon']' (tried for 30 second(s) with 500 milliseconds interval)
	at com.hilabsdartui.testcases.DARTUI_ActionsKeywords.keywordEngine(DARTUI_ActionsKeywords.java:108)
Caused by: org.openqa.selenium.TimeoutException: Expected condition failed: waiting for visibility of Proxy element for: DefaultElementLocator 'By.xpath: //*[name()='svg'][@data-testid='PersonIcon']' (tried for 30 second(s) with 500 milliseconds interval)
	at com.hilabsdartui.testcases.DARTUI_ActionsKeywords.keywordEngine(DARTUI_ActionsKeywords.java:67)
Caused by: org.openqa.selenium.NoSuchElementException: 
no such element: Unable to locate element: {"method":"xpath","selector":"//*[name()='svg'][@data-testid='PersonIcon']"}
  (Session info: chrome=115.0.5790.110)
For documentation on this error, please visit: https://www.seleniumhq.org/exceptions/no_such_element.html
Build info: version: '3.141.59', revision: 'e82be7d358', time: '2018-11-14T08:17:03'
System info: host: 'VDAASW10DC03725', ip: '10.45.13.147', os.name: 'Windows 10', os.arch: 'amd64', os.version: '10.0', java.version: '20'
Driver info: org.openqa.selenium.chrome.ChromeDriver
Capabilities {acceptInsecureCerts: false, browserName: chrome, browserVersion: 115.0.5790.110, chrome: {chromedriverVersion: 114.0.5735.90 (386bc09e8f4f..., userDataDir: C:\Users\AL36235\AppData\Lo...}, goog:chromeOptions: {debuggerAddress: localhost:50144}, javascriptEnabled: true, networkConnectionEnabled: false, pageLoadStrategy: normal, platform: WINDOWS, platformName: WINDOWS, proxy: Proxy(), setWindowRect: true, strictFileInteractability: false, timeouts: {implicit: 0, pageLoad: 300000, script: 30000}, unhandledPromptBehavior: dismiss and notify, webauthn:extension:credBlob: true, webauthn:extension:largeBlob: true, webauthn:extension:minPinLength: true, webauthn:extension:prf: true, webauthn:virtualAuthenticators: true}
Session ID: 852a32a0f087c0f0da79981ed45d1882
*** Element info: {Using=xpath, value=//*[name()='svg'][@data-testid='PersonIcon']}
	at com.hilabsdartui.testcases.DARTUI_ActionsKeywords.keywordEngine(DARTUI_ActionsKeywords.java:67)
</failure>
    <system-err><![CDATA[Starting ChromeDriver 114.0.5735.90 (386bc09e8f4f2e025eddae123f36f6263096ae49-refs/branch-heads/5735@{#1052}) on port 30693
Only local connections are allowed.
Please see https://chromedriver.chromium.org/security-considerations for suggestions on keeping ChromeDriver safe.
ChromeDriver was started successfully.
[1690532071.658][WARNING]: This version of ChromeDriver has not been tested with Chrome version 115.
Jul 28, 2023 1:44:35 PM org.openqa.selenium.remote.ProtocolHandshake createSession
INFO: Detected dialect: W3C
]]></system-err>
  </testcase>
  <testcase name="keywordEngine" classname="com.hilabsdartui.testcases.DARTUI_ActionsKeywords" time="74.708">
    <failure message="org.openqa.selenium.TimeoutException: Expected condition failed: waiting for visibility of Proxy element for: DefaultElementLocator &apos;By.xpath: //*[name()=&apos;svg&apos;][@data-testid=&apos;PersonIcon&apos;]&apos; (tried for 30 second(s) with 500 milliseconds interval)" type="java.lang.RuntimeException">java.lang.RuntimeException: org.openqa.selenium.TimeoutException: Expected condition failed: waiting for visibility of Proxy element for: DefaultElementLocator 'By.xpath: //*[name()='svg'][@data-testid='PersonIcon']' (tried for 30 second(s) with 500 milliseconds interval)
	at com.hilabsdartui.testcases.DARTUI_ActionsKeywords.keywordEngine(DARTUI_ActionsKeywords.java:108)
Caused by: org.openqa.selenium.TimeoutException: Expected condition failed: waiting for visibility of Proxy element for: DefaultElementLocator 'By.xpath: //*[name()='svg'][@data-testid='PersonIcon']' (tried for 30 second(s) with 500 milliseconds interval)
	at com.hilabsdartui.testcases.DARTUI_ActionsKeywords.keywordEngine(DARTUI_ActionsKeywords.java:67)
Caused by: org.openqa.selenium.NoSuchElementException: 
no such element: Unable to locate element: {"method":"xpath","selector":"//*[name()='svg'][@data-testid='PersonIcon']"}
  (Session info: chrome=115.0.5790.110)
For documentation on this error, please visit: https://www.seleniumhq.org/exceptions/no_such_element.html
Build info: version: '3.141.59', revision: 'e82be7d358', time: '2018-11-14T08:17:03'
System info: host: 'VDAASW10DC03725', ip: '10.45.13.147', os.name: 'Windows 10', os.arch: 'amd64', os.version: '10.0', java.version: '20'
Driver info: org.openqa.selenium.chrome.ChromeDriver
Capabilities {acceptInsecureCerts: false, browserName: chrome, browserVersion: 115.0.5790.110, chrome: {chromedriverVersion: 114.0.5735.90 (386bc09e8f4f..., userDataDir: C:\Users\AL36235\AppData\Lo...}, goog:chromeOptions: {debuggerAddress: localhost:50225}, javascriptEnabled: true, networkConnectionEnabled: false, pageLoadStrategy: normal, platform: WINDOWS, platformName: WINDOWS, proxy: Proxy(), setWindowRect: true, strictFileInteractability: false, timeouts: {implicit: 0, pageLoad: 300000, script: 30000}, unhandledPromptBehavior: dismiss and notify, webauthn:extension:credBlob: true, webauthn:extension:largeBlob: true, webauthn:extension:minPinLength: true, webauthn:extension:prf: true, webauthn:virtualAuthenticators: true}
Session ID: 0848de535cd4ea4779ef80d48f56dba6
*** Element info: {Using=xpath, value=//*[name()='svg'][@data-testid='PersonIcon']}
	at com.hilabsdartui.testcases.DARTUI_ActionsKeywords.keywordEngine(DARTUI_ActionsKeywords.java:67)
</failure>
    <system-err><![CDATA[Starting ChromeDriver 114.0.5735.90 (386bc09e8f4f2e025eddae123f36f6263096ae49-refs/branch-heads/5735@{#1052}) on port 42026
Only local connections are allowed.
Please see https://chromedriver.chromium.org/security-considerations for suggestions on keeping ChromeDriver safe.
ChromeDriver was started successfully.
[1690532151.260][WARNING]: This version of ChromeDriver has not been tested with Chrome version 115.
Jul 28, 2023 1:45:55 PM org.openqa.selenium.remote.ProtocolHandshake createSession
INFO: Detected dialect: W3C
]]></system-err>
  </testcase>
</testsuite>