<?xml version="1.0" encoding="UTF-8"?>
<testng-results total="1" passed="1" failed="0" skipped="0">
  <reporter-output>
  </reporter-output>
  <suite started-at="2023-11-21T20:14:48Z" name="All Test Suite" finished-at="2023-11-22T12:25:35Z" duration-ms="58246308">
    <groups>
    </groups>
    <test started-at="2023-11-21T20:14:48Z" name="R3_Test_Automation" finished-at="2023-11-22T12:25:35Z" duration-ms="58246308">
      <class name="com.r3.testcases.ActionsKeywords">
        <test-method is-config="true" signature="setupExtentReport()[pri:0, instance:com.r3.testcases.ActionsKeywords@498d318c]" started-at="2023-11-21T20:14:48Z" name="setupExtentReport" finished-at="2023-11-21T20:14:48Z" duration-ms="778" status="PASS">
        </test-method> <!-- setupExtentReport -->
        <test-method is-config="true" signature="startWebDriverAndBrowser()[pri:0, instance:com.r3.testcases.ActionsKeywords@498d318c]" started-at="2023-11-21T20:14:48Z" name="startWebDriverAndBrowser" finished-at="2023-11-21T20:15:13Z" duration-ms="24271" status="PASS">
        </test-method> <!-- startWebDriverAndBrowser -->
        <test-method signature="keywordEngine()[pri:1, instance:com.r3.testcases.ActionsKeywords@498d318c]" started-at="2023-11-21T20:15:13Z" name="keywordEngine" finished-at="2023-11-22T12:25:35Z" duration-ms="58222007" status="PASS">
        </test-method> <!-- keywordEngine -->
        <test-method is-config="true" signature="tearDownExtentReport()[pri:0, instance:com.r3.testcases.ActionsKeywords@498d318c]" started-at="2023-11-22T12:25:35Z" name="tearDownExtentReport" finished-at="2023-11-22T12:25:38Z" duration-ms="2685" status="PASS">
        </test-method> <!-- tearDownExtentReport -->
      </class> <!-- com.r3.testcases.ActionsKeywords -->
    </test> <!-- R3_Test_Automation -->
  </suite> <!-- All Test Suite -->
</testng-results>
